<?xml version="1.0" encoding="UTF-8"?>
<!-- Generated by org.testng.reporters.JUnitReportReporter -->
<testsuite hostname="DESKTOP-MLKCMBH" failures="0" tests="4" name="MyTestCase" time="35.649" errors="0" timestamp="2024-10-24T15:40:44 EET" skipped="3">
  <testcase classname="MyTestCase" name="AddItemToThecart" time="35.649"/>
  <system-out/>
  <testcase classname="MyTestCase" name="Login">
    <skipped/>
  </testcase> <!-- Login -->
  <system-out/>
  <testcase classname="MyTestCase" name="signUp">
    <skipped/>
  </testcase> <!-- signUp -->
  <system-out/>
  <testcase classname="MyTestCase" name="Logout">
    <skipped/>
  </testcase> <!-- Logout -->
  <system-out/>
</testsuite> <!-- MyTestCase -->
